<?xml version="1.0" encoding="UTF-8"?>
<testsuite xmlns:xsi="http://www.w3.org/2001/XMLSchema-instance" xsi:noNamespaceSchemaLocation="https://maven.apache.org/surefire/maven-surefire-plugin/xsd/surefire-test-report-3.0.xsd" version="3.0" name="itech.telegram.bot.ApplicationTests" time="4.417" tests="1" errors="0" skipped="0" failures="0">
  <properties>
[...]
</properties>
  <testcase name="contextLoads" classname="itech.telegram.bot.ApplicationTests" time="0.918">
    <system-out><![CDATA[16:09:14.061 [main] INFO org.springframework.test.context.support.AnnotationConfigContextLoaderUtils -- Could not detect default configuration classes for test class [itech.telegram.bot.ApplicationTests]: ApplicationTests does not declare any static, non-private, non-final, nested classes annotated with @Configuration.
16:09:14.159 [main] INFO org.springframework.boot.test.context.SpringBootTestContextBootstrapper -- Found @SpringBootConfiguration itech.telegram.bot.Application for test class itech.telegram.bot.ApplicationTests

  .   ____          _            __ _ _
 /\\ / ___'_ __ _ _(_)_ __  __ _ \ \ \ \
( ( )\___ | '_ | '_| | '_ \/ _` | \ \ \ \
 \\/  ___)| |_)| | | | | || (_| |  ) ) ) )
  '  |____| .__|_| |_|_| |_\__, | / / / /
 =========|_|==============|___/=/_/_/_/
 :: Spring Boot ::                (v3.2.2)

2024-02-10T16:09:14.566+01:00  INFO 4107 --- [           main] itech.telegram.bot.ApplicationTests      : Starting ApplicationTests using Java 20.0.1 with PID 4107 (started by fotiowilfried in /Users/fotiowilfried/SpringBoot/telegram.bot)
2024-02-10T16:09:14.568+01:00  INFO 4107 --- [           main] itech.telegram.bot.ApplicationTests      : No active profile set, falling back to 1 default profile: "default"
2024-02-10T16:09:15.486+01:00  WARN 4107 --- [           main] trationDelegate$BeanPostProcessorChecker : Bean 'org.springframework.ws.config.annotation.DelegatingWsConfiguration' of type [org.springframework.ws.config.annotation.DelegatingWsConfiguration$$SpringCGLIB$$0] is not eligible for getting processed by all BeanPostProcessors (for example: not eligible for auto-proxying). The currently created BeanPostProcessor [annotationActionEndpointMapping] is declared through a non-static factory method on that class; consider declaring it as static instead.
2024-02-10T16:09:15.523+01:00  INFO 4107 --- [           main] .w.s.a.s.AnnotationActionEndpointMapping : Supporting [WS-Addressing August 2004, WS-Addressing 1.0]
2024-02-10T16:09:17.364+01:00  INFO 4107 --- [           main] itech.telegram.bot.ApplicationTests      : Started ApplicationTests in 3.073 seconds (process running for 4.133)
]]></system-out>
  </testcase>
</testsuite>